<?xml version="1.0" encoding="UTF-8"?>
<testsuite xmlns:xsi="http://www.w3.org/2001/XMLSchema-instance" xsi:noNamespaceSchemaLocation="https://maven.apache.org/surefire/maven-surefire-plugin/xsd/surefire-test-report-3.0.xsd" version="3.0" name="com.idp.launchdarkly.FeatureFlagControllerTest" time="0.657" tests="4" errors="0" skipped="0" failures="0">
  <properties>
[...]
</properties>
  <testcase name="testGetJsonFlag" classname="com.idp.launchdarkly.FeatureFlagControllerTest" time="0.047">
    <system-out><![CDATA[
  .   ____          _            __ _ _
 /\\ / ___'_ __ _ _(_)_ __  __ _ \ \ \ \
( ( )\___ | '_ | '_| | '_ \/ _` | \ \ \ \
 \\/  ___)| |_)| | | | | || (_| |  ) ) ) )
  '  |____| .__|_| |_|_| |_\__, | / / / /
 =========|_|==============|___/=/_/_/_/
 :: Spring Boot ::                (v3.1.4)

2025-01-12T15:14:09.352+11:00  INFO 51699 --- [           main] c.i.l.FeatureFlagControllerTest          : Starting FeatureFlagControllerTest using Java 17.0.11 with PID 51699 (started by davidhyland in /Users/davidhyland/Source/idp-blueprints-authz/IDP-Blueprint-for-DevOps/launchdarkly)
2025-01-12T15:14:09.355+11:00 DEBUG 51699 --- [           main] c.i.l.FeatureFlagControllerTest          : Running with Spring Boot v3.1.4, Spring v6.0.12
2025-01-12T15:14:09.355+11:00  INFO 51699 --- [           main] c.i.l.FeatureFlagControllerTest          : No active profile set, falling back to 1 default profile: "default"
2025-01-12T15:14:09.732+11:00  INFO 51699 --- [           main] o.s.b.t.m.w.SpringBootMockServletContext : Initializing Spring TestDispatcherServlet ''
2025-01-12T15:14:09.732+11:00  INFO 51699 --- [           main] o.s.t.w.s.TestDispatcherServlet          : Initializing Servlet ''
2025-01-12T15:14:09.733+11:00  INFO 51699 --- [           main] o.s.t.w.s.TestDispatcherServlet          : Completed initialization in 1 ms
2025-01-12T15:14:09.740+11:00  INFO 51699 --- [           main] c.i.l.FeatureFlagControllerTest          : Started FeatureFlagControllerTest in 0.504 seconds (process running for 1.8)
2025-01-12T15:14:09.770+11:00  INFO 51699 --- [           main] c.i.l.FeatureFlagController              : GET /flags/json [JSON variation], flagKey=json-flag, contextKey=test-user
2025-01-12T15:14:09.771+11:00 DEBUG 51699 --- [           main] c.i.l.FeatureFlagController              : Flag 'json-flag' -> JSON: {"entitlement":"WRITE"}

MockHttpServletRequest:
      HTTP Method = GET
      Request URI = /flags/json
       Parameters = {flagKey=[json-flag], contextKey=[test-user]}
          Headers = []
             Body = null
    Session Attrs = {}

Handler:
             Type = com.idp.launchdarkly.FeatureFlagController
           Method = com.idp.launchdarkly.FeatureFlagController#getJsonFlag(String, String)

Async:
    Async started = false
     Async result = null

Resolved Exception:
             Type = null

ModelAndView:
        View name = null
             View = null
            Model = null

FlashMap:
       Attributes = null

MockHttpServletResponse:
           Status = 200
    Error message = null
          Headers = [Content-Type:"application/json"]
     Content type = application/json
             Body = {"entitlement":"WRITE"}
    Forwarded URL = null
   Redirected URL = null
          Cookies = []
]]></system-out>
  </testcase>
  <testcase name="testGetFlag_String" classname="com.idp.launchdarkly.FeatureFlagControllerTest" time="0.01">
    <system-out><![CDATA[2025-01-12T15:14:09.795+11:00  INFO 51699 --- [           main] c.i.l.FeatureFlagController              : GET /flags [dynamic], flagKey=string-flag, contextKey=test-user, type=STRING
2025-01-12T15:14:09.795+11:00 DEBUG 51699 --- [           main] c.i.l.FeatureFlagController              : Flag 'string-flag' -> test-value

MockHttpServletRequest:
      HTTP Method = GET
      Request URI = /flags
       Parameters = {flagKey=[string-flag], contextKey=[test-user], type=[STRING]}
          Headers = []
             Body = null
    Session Attrs = {}

Handler:
             Type = com.idp.launchdarkly.FeatureFlagController
           Method = com.idp.launchdarkly.FeatureFlagController#getFlag(String, String, String)

Async:
    Async started = false
     Async result = null

Resolved Exception:
             Type = null

ModelAndView:
        View name = null
             View = null
            Model = null

FlashMap:
       Attributes = null

MockHttpServletResponse:
           Status = 200
    Error message = null
          Headers = [Content-Type:"application/json"]
     Content type = application/json
             Body = {"flagKey":"string-flag","value":"test-value"}
    Forwarded URL = null
   Redirected URL = null
          Cookies = []
]]></system-out>
  </testcase>
  <testcase name="testGetFlagDetail" classname="com.idp.launchdarkly.FeatureFlagControllerTest" time="0.006">
    <system-out><![CDATA[2025-01-12T15:14:09.806+11:00  INFO 51699 --- [           main] c.i.l.FeatureFlagController              : GET /flags/detail [boolean+reason], flagKey=my-flag, contextKey=test-user
2025-01-12T15:14:09.806+11:00 DEBUG 51699 --- [           main] c.i.l.FeatureFlagController              : Flag 'my-flag' -> value=true, reason=RULE_MATCH(1,test-rule)

MockHttpServletRequest:
      HTTP Method = GET
      Request URI = /flags/detail
       Parameters = {flagKey=[my-flag], contextKey=[test-user]}
          Headers = []
             Body = null
    Session Attrs = {}

Handler:
             Type = com.idp.launchdarkly.FeatureFlagController
           Method = com.idp.launchdarkly.FeatureFlagController#getFlagDetail(String, String)

Async:
    Async started = false
     Async result = null

Resolved Exception:
             Type = null

ModelAndView:
        View name = null
             View = null
            Model = null

FlashMap:
       Attributes = null

MockHttpServletResponse:
           Status = 200
    Error message = null
          Headers = [Content-Type:"application/json"]
     Content type = application/json
             Body = {"flagKey":"my-flag","value":true,"reason":"RULE_MATCH(1,test-rule)"}
    Forwarded URL = null
   Redirected URL = null
          Cookies = []
]]></system-out>
  </testcase>
  <testcase name="testGetFlag_Boolean" classname="com.idp.launchdarkly.FeatureFlagControllerTest" time="0.003">
    <system-out><![CDATA[2025-01-12T15:14:09.813+11:00  INFO 51699 --- [           main] c.i.l.FeatureFlagController              : GET /flags [dynamic], flagKey=my-flag, contextKey=test-user, type=BOOLEAN
2025-01-12T15:14:09.813+11:00 DEBUG 51699 --- [           main] c.i.l.FeatureFlagController              : Flag 'my-flag' -> true

MockHttpServletRequest:
      HTTP Method = GET
      Request URI = /flags
       Parameters = {flagKey=[my-flag], contextKey=[test-user], type=[BOOLEAN]}
          Headers = []
             Body = null
    Session Attrs = {}

Handler:
             Type = com.idp.launchdarkly.FeatureFlagController
           Method = com.idp.launchdarkly.FeatureFlagController#getFlag(String, String, String)

Async:
    Async started = false
     Async result = null

Resolved Exception:
             Type = null

ModelAndView:
        View name = null
             View = null
            Model = null

FlashMap:
       Attributes = null

MockHttpServletResponse:
           Status = 200
    Error message = null
          Headers = [Content-Type:"application/json"]
     Content type = application/json
             Body = {"flagKey":"my-flag","value":true}
    Forwarded URL = null
   Redirected URL = null
          Cookies = []
]]></system-out>
  </testcase>
</testsuite>